Produto Curso de JAVA - MOD I adicionado ao carrinho
Produto UX adicionado ao seu fodendo carrinho de super compras!!
Produto Design Grafico adicionado ao seu fodendo carrinho de super compras!!
Produto Design Grafico adicionado ao seu fodendo carrinho de super compras!!
Produto Curso de JAVA - MOD I adicionado ao seu fodendo carrinho de super compras!!
Produto UX adicionado ao seu fodendo carrinho de super compras!!
Produto UX adicionado ao seu fodendo carrinho de super compras!!
Produto Curso de JAVA - MOD I adicionado ao seu fodendo carrinho de super compras!!
Produto Curso de JAVA - MOD I adicionado ao seu fodendo carrinho de super compras!!
Produto UX adicionado ao seu fodendo carrinho de super compras!!
Produto UX adicionado ao seu fodendo carrinho de super compras!!
Produto Curso de AJAX adicionado ao seu fodendo carrinho de super compras!!
Produto Curso de AJAX adicionado ao seu fodendo carrinho de super compras!!
Produto Curso de AJAX adicionado ao seu fodendo carrinho de super compras!!
Produto Curso de AJAX adicionado ao seu fodendo carrinho de super compras!!
Produto Curso de AJAX adicionado ao seu fodendo carrinho de super compras!!
Produto Design Grafico adicionado ao seu fodendo carrinho de super compras!!
Produto Curso de AJAX adicionado ao seu fodendo carrinho de super compras!!
Produto Curso de AJAX adicionado ao seu fodendo carrinho de super compras!!
Produto Design Grafico adicionado ao seu fodendo carrinho de super compras!!
Produto Curso de AJAX adicionado ao seu fodendo carrinho de super compras!!
Produto Design Grafico adicionado ao seu fodendo carrinho de super compras!!
Produto Design Grafico adicionado ao seu fodendo carrinho de super compras!!
Produto Curso de JAVA - MOD I adicionado ao seu fodendo carrinho de super compras!!
Produto Curso de AJAX adicionado ao seu fodendo carrinho de super compras!!
